50 0.960000 0.960000
100 0.980000 1.000000
150 0.986667 1.000000
200 0.990000 1.000000
250 0.992000 1.000000
300 0.993333 1.000000
350 0.994286 1.000000
400 0.995000 1.000000
450 0.995556 1.000000
500 0.996000 1.000000
550 0.996364 1.000000
600 0.996667 1.000000
650 0.996923 1.000000
700 0.997143 1.000000
750 0.997333 1.000000
800 0.997500 1.000000
850 0.997647 1.000000
900 0.997778 1.000000
950 0.997895 1.000000
1000 0.998000 1.000000
1050 0.998095 1.000000
1100 0.998182 1.000000
1150 0.998261 1.000000
1200 0.998333 1.000000
1250 0.998400 1.000000
1300 0.998462 1.000000
1350 0.998519 1.000000
1400 0.998571 1.000000
1450 0.998621 1.000000
1500 0.998667 1.000000
1550 0.998710 1.000000
1600 0.998750 1.000000
1650 0.998788 1.000000
1700 0.998824 1.000000
1750 0.998857 1.000000
1800 0.998889 1.000000
1850 0.998919 1.000000
1900 0.998947 1.000000
1950 0.998974 1.000000
2000 0.999000 1.000000
